\BOOKMARK [1][-]{section.1}{\376\377\133\236\232\214\200\314\146\157}{}% 1
\BOOKMARK [2][-]{subsection.1.1}{\376\377\133\236\232\214\166\356\166\204}{section.1}% 2
\BOOKMARK [2][-]{subsection.1.2}{\376\377\177\026\213\321\163\257\130\203}{section.1}% 3
\BOOKMARK [1][-]{section.2}{\376\377\000P\000C\000A}{}% 4
\BOOKMARK [2][-]{subsection.2.1}{\376\377\145\271\154\325\116\313\176\315}{section.2}% 5
\BOOKMARK [2][-]{subsection.2.2}{\376\377\133\236\232\214\116\313\176\315}{section.2}% 6
\BOOKMARK [2][-]{subsection.2.3}{\376\377\156\220\116\343\170\001}{section.2}% 7
\BOOKMARK [1][-]{section.3}{\376\377\000K\000P\000C\000A}{}% 8
\BOOKMARK [2][-]{subsection.3.1}{\376\377\145\271\154\325\116\313\176\315}{section.3}% 9
\BOOKMARK [2][-]{subsection.3.2}{\376\377\133\236\232\214\116\313\176\315}{section.3}% 10
\BOOKMARK [2][-]{subsection.3.3}{\376\377\156\220\116\343\170\001}{section.3}% 11
\BOOKMARK [1][-]{section.4}{\376\377\000L\000L\000E}{}% 12
\BOOKMARK [2][-]{subsection.4.1}{\376\377\145\271\154\325\116\313\176\315}{section.4}% 13
\BOOKMARK [2][-]{subsection.4.2}{\376\377\133\236\232\214\116\313\176\315}{section.4}% 14
\BOOKMARK [2][-]{subsection.4.3}{\376\377\156\220\116\343\170\001}{section.4}% 15
\BOOKMARK [1][-]{section.5}{\376\377\135\345\172\013\136\224\165\050}{}% 16
\BOOKMARK [2][-]{subsection.5.1}{\376\377\200\314\146\157\116\313\176\315}{section.5}% 17
\BOOKMARK [2][-]{subsection.5.2}{\376\377\133\236\232\214\116\313\176\315}{section.5}% 18
\BOOKMARK [2][-]{subsection.5.3}{\376\377\156\220\116\343\170\001}{section.5}% 19
\BOOKMARK [1][-]{section.6}{\376\377\176\323\213\272\116\016\213\250\213\272}{}% 20
